<?xml version="1.0" encoding="UTF-8"?>
<!-- Generated by org.testng.reporters.JUnitXMLReporter -->
<testsuite ignored="0" hostname="DESKTOP-KA50CNO" failures="1" tests="3" name="Test" time="135.778" errors="0" timestamp="2024-01-15T07:12:58 IST">
  <testcase classname="automation.test.TestCase1" name="enteringCredentials" time="15.097"/>
  <testcase classname="automation.test.TestCase1" name="notEnteringCredentials" time="11.541">
    <skipped/>
  </testcase> <!-- notEnteringCredentials -->
  <testcase classname="automation.test.TestCase1" name="notEnteringCredentials" time="9.987">
    <failure type="java.lang.AssertionError" message="Element not found expected [true] but found [false]">
      <![CDATA[java.lang.AssertionError: Element not found expected [true] but found [false]
at pageEvents.LoginPageEvents.verfiyIfLoginPageNotLoaded(LoginPageEvents.java:14)
at automation.test.TestCase1.notEnteringCredentials(TestCase1.java:32)
at java.base/java.util.ArrayList.forEach(ArrayList.java:1511)
... Removed 34 stack frames]]>
    </failure>
  </testcase> <!-- notEnteringCredentials -->
</testsuite> <!-- Test -->
